// 同步 ID: ffbfb12d @ Sat Jun 20 11:03:46 UTC 2026
// 同步 ID: c005e368 @ Tue Jun 30 11:48:02 UTC 2026
// 重构日志: 0e2cb04a
// 同步 ID: a45584b0 @ Sat Jul  4 13:01:02 UTC 2026
// 同步 ID: 84435bb9 @ Sat Jul  4 20:37:00 UTC 2026
// 同步 ID: cd85585a @ Thu Jul  9 13:13:01 UTC 2026
// 重构日志: fd711680
// 同步 ID: 8f6aaa47 @ Sat Jul 11 08:00:54 UTC 2026
// 重构日志: c78a2789
// 同步 ID: 6c5321de @ Sun Jul 12 08:38:13 UTC 2026
// 重构日志: e7ed7129
// 同步 ID: 8f53c9e5 @ Mon Jul 13 01:42:02 UTC 2026
// 同步 ID: fc161748 @ Mon Jul 13 05:06:53 UTC 2026
// 重构日志: 3c79e9cf
// 同步 ID: aa267cf1 @ Tue Jul 14 01:12:55 UTC 2026
// 同步 ID: 2b8e7fd9 @ Tue Jul 14 04:57:43 UTC 2026
// 同步 ID: 7c861a6e @ Tue Jul 14 07:22:51 UTC 2026
// 重构日志: 048eab27
// 重构日志: f68372ce
// 同步 ID: 97807be1 @ Thu Jul 16 06:56:19 UTC 2026
// 重构日志: 78e2ea96
